<?xml version="1.0" encoding="UTF-8"?>
<!-- Generated by org.testng.reporters.JUnitXMLReporter -->
<testsuite ignored="0" hostname="LAPTOP-L2OLV82D" failures="0" tests="12" name="Test Automation - Actitime" time="197.623" errors="0" timestamp="21 Sep 2022 19:23:48 GMT">
  <testcase classname="com.actitime.qa.testcases.ReviewLeavesTest" name="@BeforeMethod setup" time="29.556">
    <failure type="org.openqa.selenium.ElementClickInterceptedException" message="element click intercepted: Element &amp;lt;a href=&amp;quot;/administration/leave_time_planning.do&amp;quot; class=&amp;quot;content corporate_schedule&amp;quot;&amp;gt;...&amp;lt;/a&amp;gt; is not clickable at point (742, 35). Other element would receive the click: &amp;lt;div id=&amp;quot;whiteMoireDiv&amp;quot; class=&amp;quot;transformedMoireClass transparentMoire&amp;quot; style=&amp;quot;display: block; left: 0px; top: 0px;&amp;quot;&amp;gt;&amp;lt;/div&amp;gt;
  (Session info: chrome=105.0.5195.125)
Build info: version: &amp;apos;3.141.59&amp;apos;, revision: &amp;apos;e82be7d358&amp;apos;, time: &amp;apos;2018-11-14T08:17:03&amp;apos;
System info: host: &amp;apos;LAPTOP-L2OLV82D&amp;apos;, ip: &amp;apos;192.168.56.1&amp;apos;, os.name: &amp;apos;Windows 10&amp;apos;, os.arch: &amp;apos;amd64&amp;apos;, os.version: &amp;apos;10.0&amp;apos;, java.version: &amp;apos;17.0.1&amp;apos;
Driver info: org.openqa.selenium.chrome.ChromeDriver
Capabilities {acceptInsecureCerts: false, browserName: chrome, browserVersion: 105.0.5195.125, chrome: {chromedriverVersion: 105.0.5195.52 (412c95e51883..., userDataDir: C:\Users\dumid\AppData\Loca...}, goog:chromeOptions: {debuggerAddress: localhost:9563}, javascriptEnabled: true, networkConnectionEnabled: false, pageLoadStrategy: normal, platform: WINDOWS, platformName: WINDOWS, proxy: Proxy(), setWindowRect: true, strictFileInteractability: false, timeouts: {implicit: 0, pageLoad: 300000, script: 30000}, unhandledPromptBehavior: dismiss and notify, webauthn:extension:credBlob: true, webauthn:extension:largeBlob: true, webauthn:virtualAuthenticators: true}
Session ID: bdd32a223e95e73df935702bf75f490b">
      <![CDATA[org.openqa.selenium.ElementClickInterceptedException: element click intercepted: Element <a href="/administration/leave_time_planning.do" class="content corporate_schedule">...</a> is not clickable at point (742, 35). Other element would receive the click: <div id="whiteMoireDiv" class="transformedMoireClass transparentMoire" style="display: block; left: 0px; top: 0px;"></div>
  (Session info: chrome=105.0.5195.125)
Build info: version: '3.141.59', revision: 'e82be7d358', time: '2018-11-14T08:17:03'
System info: host: 'LAPTOP-L2OLV82D', ip: '192.168.56.1', os.name: 'Windows 10', os.arch: 'amd64', os.version: '10.0', java.version: '17.0.1'
Driver info: org.openqa.selenium.chrome.ChromeDriver
Capabilities {acceptInsecureCerts: false, browserName: chrome, browserVersion: 105.0.5195.125, chrome: {chromedriverVersion: 105.0.5195.52 (412c95e51883..., userDataDir: C:\Users\dumid\AppData\Loca...}, goog:chromeOptions: {debuggerAddress: localhost:9563}, javascriptEnabled: true, networkConnectionEnabled: false, pageLoadStrategy: normal, platform: WINDOWS, platformName: WINDOWS, proxy: Proxy(), setWindowRect: true, strictFileInteractability: false, timeouts: {implicit: 0, pageLoad: 300000, script: 30000}, unhandledPromptBehavior: dismiss and notify, webauthn:extension:credBlob: true, webauthn:extension:largeBlob: true, webauthn:virtualAuthenticators: true}
Session ID: bdd32a223e95e73df935702bf75f490b
at org.openqa.selenium.remote.http.W3CHttpResponseCodec.createException(W3CHttpResponseCodec.java:187)
at org.openqa.selenium.remote.http.W3CHttpResponseCodec.decode(W3CHttpResponseCodec.java:122)
at org.openqa.selenium.remote.http.W3CHttpResponseCodec.decode(W3CHttpResponseCodec.java:49)
at org.openqa.selenium.remote.HttpCommandExecutor.execute(HttpCommandExecutor.java:158)
at org.openqa.selenium.remote.service.DriverCommandExecutor.execute(DriverCommandExecutor.java:83)
at org.openqa.selenium.remote.RemoteWebDriver.execute(RemoteWebDriver.java:552)
at org.openqa.selenium.remote.RemoteWebElement.execute(RemoteWebElement.java:285)
at org.openqa.selenium.remote.RemoteWebElement.click(RemoteWebElement.java:84)
at org.openqa.selenium.support.events.EventFiringWebDriver$EventFiringWebElement.lambda$new$0(EventFiringWebDriver.java:404)
at jdk.proxy2/jdk.proxy2.$Proxy16.click(Unknown Source)
at org.openqa.selenium.support.events.EventFiringWebDriver$EventFiringWebElement.click(EventFiringWebDriver.java:417)
at org.openqa.selenium.support.pagefactory.internal.LocatingElementHandler.invoke(LocatingElementHandler.java:51)
at jdk.proxy2/jdk.proxy2.$Proxy15.click(Unknown Source)
at com.actitime.qa.pages.ActiPlanHomePage.clickLeaveManagement(ActiPlanHomePage.java:25)
at com.actitime.qa.testcases.ReviewLeavesTest.setup(ReviewLeavesTest.java:30)
at com.intellij.rt.testng.IDEARemoteTestNG.run(IDEARemoteTestNG.java:66)
at com.intellij.rt.testng.RemoteTestNGStarter.main(RemoteTestNGStarter.java:109)
... Removed 38 stack frames]]>
    </failure>
  </testcase> <!-- @BeforeMethod setup -->
  <testcase classname="com.actitime.qa.testcases.ReviewLeavesTest" name="@AfterMethod tearDown" time="0.0">
    <skipped/>
  </testcase> <!-- @AfterMethod tearDown -->
  <testcase classname="com.actitime.qa.testcases.ApproveRejectTimeSheetTest" name="viewTimeTrackPageLoaded" time="0.146"/>
  <testcase classname="com.actitime.qa.testcases.HomePageTest" name="homePageLogoTest" time="3.984"/>
  <testcase classname="com.actitime.qa.testcases.LoginPageTest" name="loginPageLogoTest" time="0.037"/>
  <testcase classname="com.actitime.qa.testcases.ReviewAttendanceTest" name="viewTimeTrackPageLoaded" time="0.079"/>
  <testcase classname="com.actitime.qa.testcases.ReviewLeavesTest" name="leaveManagementPageLoaded" time="0.0">
    <skipped/>
  </testcase> <!-- leaveManagementPageLoaded -->
  <testcase classname="com.actitime.qa.testcases.ViewEmployeeProfileTest" name="userPageLoaded" time="0.091"/>
  <testcase classname="com.actitime.qa.testcases.ApproveRejectTimeSheetTest" name="approveTimeTrack" time="2.175"/>
  <testcase classname="com.actitime.qa.testcases.HomePageTest" name="homePageTaskLinkTest" time="6.628"/>
  <testcase classname="com.actitime.qa.testcases.LoginPageTest" name="invalidLogin" time="1.628"/>
  <testcase classname="com.actitime.qa.testcases.LoginPageTest" name="LoginTest" time="4.634"/>
  <testcase classname="com.actitime.qa.testcases.LoginPageTest" name="LoginTest" time="9.001"/>
  <testcase classname="com.actitime.qa.testcases.ReviewAttendanceTest" name="viewTimeTrackOfaUser" time="6.384"/>
</testsuite> <!-- Test Automation - Actitime -->
